[INFO] Scanning for projects...
[INFO] 
[INFO] ---------------< com.example:workflow-management-system >---------------
[INFO] Building workflow-management-system 0.0.1-SNAPSHOT
[INFO]   from pom.xml
[INFO] --------------------------------[ jar ]---------------------------------
[INFO] 
[INFO] >>> spring-boot:3.2.2:run (default-cli) > test-compile @ workflow-management-system >>>
[INFO] 
[INFO] --- resources:3.3.1:resources (default-resources) @ workflow-management-system ---
[INFO] Copying 1 resource from src\main\resources to target\classes
[INFO] Copying 23 resources from src\main\resources to target\classes
[INFO] 
[INFO] --- compiler:3.11.0:compile (default-compile) @ workflow-management-system ---
[INFO] Nothing to compile - all classes are up to date
[INFO] 
[INFO] --- resources:3.3.1:testResources (default-testResources) @ workflow-management-system ---
[INFO] Copying 1 resource from src\test\resources to target\test-classes
[INFO] 
[INFO] --- compiler:3.11.0:testCompile (default-testCompile) @ workflow-management-system ---
[INFO] Nothing to compile - all classes are up to date
[INFO] 
[INFO] <<< spring-boot:3.2.2:run (default-cli) < test-compile @ workflow-management-system <<<
[INFO] 
[INFO] 
[INFO] --- spring-boot:3.2.2:run (default-cli) @ workflow-management-system ---
[INFO] Attaching agents: []

  .   ____          _            __ _ _
 /\\ / ___'_ __ _ _(_)_ __  __ _ \ \ \ \
( ( )\___ | '_ | '_| | '_ \/ _` | \ \ \ \
 \\/  ___)| |_)| | | | | || (_| |  ) ) ) )
  '  |____| .__|_| |_|_| |_\__, | / / / /
 =========|_|==============|___/=/_/_/_/
 :: Spring Boot ::                (v3.2.2)

2026-01-30T23:44:03.241+05:30  INFO 5308 --- [workflow-management-system] [           main] .e.w.WorkflowManagementSystemApplication : Starting WorkflowManagementSystemApplication using Java 17.0.17 with PID 5308 (C:\MyProject\workflow_management_system\target\classes started by shaik in C:\MyProject\workflow_management_system)
2026-01-30T23:44:03.246+05:30  INFO 5308 --- [workflow-management-system] [           main] .e.w.WorkflowManagementSystemApplication : No active profile set, falling back to 1 default profile: "default"
2026-01-30T23:44:05.489+05:30  INFO 5308 --- [workflow-management-system] [           main] .s.d.r.c.RepositoryConfigurationDelegate : Bootstrapping Spring Data JPA repositories in DEFAULT mode.
2026-01-30T23:44:05.658+05:30  INFO 5308 --- [workflow-management-system] [           main] .s.d.r.c.RepositoryConfigurationDelegate : Finished Spring Data repository scanning in 152 ms. Found 13 JPA repository interfaces.
2026-01-30T23:44:07.608+05:30  INFO 5308 --- [workflow-management-system] [           main] o.s.b.w.embedded.tomcat.TomcatWebServer  : Tomcat initialized with port 8080 (http)
2026-01-30T23:44:07.635+05:30  INFO 5308 --- [workflow-management-system] [           main] o.apache.catalina.core.StandardService   : Starting service [Tomcat]
2026-01-30T23:44:07.635+05:30  INFO 5308 --- [workflow-management-system] [           main] o.apache.catalina.core.StandardEngine    : Starting Servlet engine: [Apache Tomcat/10.1.18]
2026-01-30T23:44:07.803+05:30  INFO 5308 --- [workflow-management-system] [           main] o.a.c.c.C.[Tomcat].[localhost].[/]       : Initializing Spring embedded WebApplicationContext
2026-01-30T23:44:07.805+05:30  INFO 5308 --- [workflow-management-system] [           main] w.s.c.ServletWebServerApplicationContext : Root WebApplicationContext: initialization completed in 4448 ms
2026-01-30T23:44:08.389+05:30  INFO 5308 --- [workflow-management-system] [           main] com.zaxxer.hikari.HikariDataSource       : HikariPool-1 - Starting...
2026-01-30T23:44:09.110+05:30  INFO 5308 --- [workflow-management-system] [           main] com.zaxxer.hikari.pool.HikariPool        : HikariPool-1 - Added connection com.mysql.cj.jdbc.ConnectionImpl@4392362c
2026-01-30T23:44:09.115+05:30  INFO 5308 --- [workflow-management-system] [           main] com.zaxxer.hikari.HikariDataSource       : HikariPool-1 - Start completed.
2026-01-30T23:44:09.340+05:30  INFO 5308 --- [workflow-management-system] [           main] o.hibernate.jpa.internal.util.LogHelper  : HHH000204: Processing PersistenceUnitInfo [name: default]
2026-01-30T23:44:09.461+05:30  INFO 5308 --- [workflow-management-system] [           main] org.hibernate.Version                    : HHH000412: Hibernate ORM core version 6.4.1.Final
2026-01-30T23:44:09.536+05:30  INFO 5308 --- [workflow-management-system] [           main] o.h.c.internal.RegionFactoryInitiator    : HHH000026: Second-level cache disabled
2026-01-30T23:44:10.076+05:30  INFO 5308 --- [workflow-management-system] [           main] o.s.o.j.p.SpringPersistenceUnitInfo      : No LoadTimeWeaver setup: ignoring JPA class transformer
2026-01-30T23:44:10.221+05:30  WARN 5308 --- [workflow-management-system] [           main] org.hibernate.orm.deprecation            : HHH90000025: MySQLDialect does not need to be specified explicitly using 'hibernate.dialect' (remove the property setting and it will be selected by default)
2026-01-30T23:44:12.322+05:30  INFO 5308 --- [workflow-management-system] [           main] o.h.e.t.j.p.i.JtaPlatformInitiator       : HHH000489: No JTA platform available (set 'hibernate.transaction.jta.platform' to enable JTA platform integration)
2026-01-30T23:44:12.708+05:30  INFO 5308 --- [workflow-management-system] [           main] j.LocalContainerEntityManagerFactoryBean : Initialized JPA EntityManagerFactory for persistence unit 'default'
2026-01-30T23:44:13.479+05:30  INFO 5308 --- [workflow-management-system] [           main] o.s.d.j.r.query.QueryEnhancerFactory     : Hibernate is in classpath; If applicable, HQL parser will be used.
SecurityConfig initialized with UserDetailsService: com.example.workflow_management_system.security.CustomUserDetailsService$$SpringCGLIB$$0
2026-01-30T23:44:16.828+05:30  WARN 5308 --- [workflow-management-system] [           main] JpaBaseConfiguration$JpaWebConfiguration : spring.jpa.open-in-view is enabled by default. Therefore, database queries may be performed during view rendering. Explicitly configure spring.jpa.open-in-view to disable this warning
2026-01-30T23:44:17.802+05:30  INFO 5308 --- [workflow-management-system] [           main] o.s.b.a.e.web.EndpointLinksResolver      : Exposing 3 endpoint(s) beneath base path '/actuator'
2026-01-30T23:44:18.022+05:30  INFO 5308 --- [workflow-management-system] [           main] o.s.s.web.DefaultSecurityFilterChain     : Will secure any request with [org.springframework.security.web.session.DisableEncodeUrlFilter@3ee9eaa7, org.springframework.security.web.context.request.async.WebAsyncManagerIntegrationFilter@164c2914, org.springframework.security.web.context.SecurityContextHolderFilter@4178074f, org.springframework.security.web.header.HeaderWriterFilter@1e4dc9fc, org.springframework.web.filter.CorsFilter@4690132, org.springframework.security.web.authentication.logout.LogoutFilter@73c72238, com.example.workflow_management_system.security.JwtAuthenticationFilter@6bac199f, com.example.workflow_management_system.security.RateLimitingFilter@544ee437, org.springframework.security.web.savedrequest.RequestCacheAwareFilter@70d28000, org.springframework.security.web.servletapi.SecurityContextHolderAwareRequestFilter@b807b32, org.springframework.security.web.authentication.AnonymousAuthenticationFilter@46c33614, org.springframework.security.web.session.SessionManagementFilter@17a17af5, org.springframework.security.web.access.ExceptionTranslationFilter@3c20af2, org.springframework.security.web.access.intercept.AuthorizationFilter@7e2723d2]
2026-01-30T23:44:19.377+05:30  WARN 5308 --- [workflow-management-system] [           main] ConfigServletWebServerApplicationContext : Exception encountered during context initialization - cancelling refresh attempt: org.springframework.context.ApplicationContextException: Failed to start bean 'webServerStartStop'
2026-01-30T23:44:19.388+05:30  INFO 5308 --- [workflow-management-system] [           main] j.LocalContainerEntityManagerFactoryBean : Closing JPA EntityManagerFactory for persistence unit 'default'
2026-01-30T23:44:19.392+05:30  INFO 5308 --- [workflow-management-system] [           main] com.zaxxer.hikari.HikariDataSource       : HikariPool-1 - Shutdown initiated...
2026-01-30T23:44:19.407+05:30  INFO 5308 --- [workflow-management-system] [           main] com.zaxxer.hikari.HikariDataSource       : HikariPool-1 - Shutdown completed.
2026-01-30T23:44:19.457+05:30  INFO 5308 --- [workflow-management-system] [           main] .s.b.a.l.ConditionEvaluationReportLogger : 

Error starting ApplicationContext. To display the condition evaluation report re-run your application with 'debug' enabled.
2026-01-30T23:44:19.490+05:30 ERROR 5308 --- [workflow-management-system] [           main] o.s.b.d.LoggingFailureAnalysisReporter   : 

***************************
APPLICATION FAILED TO START
***************************

Description:

Web server failed to start. Port 8080 was already in use.

Action:

Identify and stop the process that's listening on port 8080 or configure this application to listen on another port.

[INFO] ------------------------------------------------------------------------
[INFO] BUILD FAILURE
[INFO] ------------------------------------------------------------------------
[INFO] Total time:  22.134 s
[INFO] Finished at: 2026-01-30T23:44:19+05:30
[INFO] ------------------------------------------------------------------------
[ERROR] Failed to execute goal org.springframework.boot:spring-boot-maven-plugin:3.2.2:run (default-cli) on project workflow-management-system: Process terminated with exit code: 1 -> [Help 1]
[ERROR] 
[ERROR] To see the full stack trace of the errors, re-run Maven with the -e switch.
[ERROR] Re-run Maven using the -X switch to enable full debug logging.
[ERROR] 
[ERROR] For more information about the errors and possible solutions, please read the following articles:
[ERROR] [Help 1] http://cwiki.apache.org/confluence/display/MAVEN/MojoExecutionException
